touch /dors/capra_lab/users/fongsl/broadly_active_enhancers/data/hg38_human_specific_coordinates/hg38_species_counts_chr20.bed
gunzip chr20.maf.gz
gzip chr20.maf
touch /dors/capra_lab/users/fongsl/broadly_active_enhancers/data/hg38_human_specific_coordinates/hg38_species_counts_chr2.bed
gunzip chr2.maf.gz
gzip chr2.maf
touch /dors/capra_lab/users/fongsl/broadly_active_enhancers/data/hg38_human_specific_coordinates/hg38_species_counts_chr15.bed
gunzip chr15.maf
gzip chr15.maf
touch /dors/capra_lab/users/fongsl/broadly_active_enhancers/data/hg38_human_specific_coordinates/hg38_species_counts_chrM.bed
gunzip chrM.maf.gz
gzip chrM.maf
touch /dors/capra_lab/users/fongsl/broadly_active_enhancers/data/hg38_human_specific_coordinates/hg38_species_counts_chr18.bed
gunzip chr18.maf.gz
gzip chr18.maf
touch /dors/capra_lab/users/fongsl/broadly_active_enhancers/data/hg38_human_specific_coordinates/hg38_species_counts_chr1.bed
gunzip chr1.maf.gz
gzip chr1.maf
touch /dors/capra_lab/users/fongsl/broadly_active_enhancers/data/hg38_human_specific_coordinates/hg38_species_counts_chr11.bed
gunzip chr11.maf.gz
gzip chr11.maf
touch /dors/capra_lab/users/fongsl/broadly_active_enhancers/data/hg38_human_specific_coordinates/hg38_species_counts_chr4.bed
gunzip chr4.maf.gz
gzip chr4.maf
touch /dors/capra_lab/users/fongsl/broadly_active_enhancers/data/hg38_human_specific_coordinates/hg38_species_counts_chr3.bed
gunzip chr3.maf.gz
gzip chr3.maf
touch /dors/capra_lab/users/fongsl/broadly_active_enhancers/data/hg38_human_specific_coordinates/hg38_species_counts_chr21.bed
gunzip chr21.maf.gz
gzip chr21.maf
touch /dors/capra_lab/users/fongsl/broadly_active_enhancers/data/hg38_human_specific_coordinates/hg38_species_counts_chr7.bed
gunzip chr7.maf.gz
gzip chr7.maf
touch /dors/capra_lab/users/fongsl/broadly_active_enhancers/data/hg38_human_specific_coordinates/hg38_species_counts_chr17.bed
gunzip chr17.maf.gz
gzip chr17.maf
touch /dors/capra_lab/users/fongsl/broadly_active_enhancers/data/hg38_human_specific_coordinates/hg38_species_counts_chr14.bed
gunzip chr14.maf.gz
gzip chr14.maf
touch /dors/capra_lab/users/fongsl/broadly_active_enhancers/data/hg38_human_specific_coordinates/hg38_species_counts_chr12.bed
gunzip chr12.maf.gz
gzip chr12.maf
touch /dors/capra_lab/users/fongsl/broadly_active_enhancers/data/hg38_human_specific_coordinates/hg38_species_counts_chr9.bed
gunzip chr9.maf.gz
gzip chr9.maf
touch /dors/capra_lab/users/fongsl/broadly_active_enhancers/data/hg38_human_specific_coordinates/hg38_species_counts_chr5.bed
gunzip chr5.maf.gz
gzip chr5.maf
touch /dors/capra_lab/users/fongsl/broadly_active_enhancers/data/hg38_human_specific_coordinates/hg38_species_counts_chr6.bed
gunzip chr6.maf.gz
gzip chr6.maf
touch /dors/capra_lab/users/fongsl/broadly_active_enhancers/data/hg38_human_specific_coordinates/hg38_species_counts_chr19.bed
gunzip chr19.maf.gz
gzip chr19.maf
touch /dors/capra_lab/users/fongsl/broadly_active_enhancers/data/hg38_human_specific_coordinates/hg38_species_counts_chr13.bed
gunzip chr13.maf.gz
gzip chr13.maf
touch /dors/capra_lab/users/fongsl/broadly_active_enhancers/data/hg38_human_specific_coordinates/hg38_species_counts_chr10.bed
gunzip chr10.maf.gz
gzip chr10.maf
touch /dors/capra_lab/users/fongsl/broadly_active_enhancers/data/hg38_human_specific_coordinates/hg38_species_counts_chr16.bed
gunzip chr16.maf.gz
gzip chr16.maf
touch /dors/capra_lab/users/fongsl/broadly_active_enhancers/data/hg38_human_specific_coordinates/hg38_species_counts_chr22.bed
gunzip chr22.maf
gzip chr22.maf
touch /dors/capra_lab/users/fongsl/broadly_active_enhancers/data/hg38_human_specific_coordinates/hg38_species_counts_chr8.bed
gunzip chr8.maf.gz
gzip chr8.maf
